com.yjz.microweb.transport.HttpServerInboundHandler 2017-06-29 09:55:27,161 -- ERROR -- com.yjz.microweb.transport.HttpServerInboundHandler.exceptionCaught(HttpServerInboundHandler.java:97) 
io.netty.handler.timeout.ReadTimeoutException
com.yjz.microweb.transport.HttpServerInboundHandler 2017-06-29 10:04:24,882 -- ERROR -- com.yjz.microweb.transport.HttpServerInboundHandler.exceptionCaught(HttpServerInboundHandler.java:97) 
io.netty.handler.timeout.ReadTimeoutException
com.yjz.microweb.http.HttpActionAdapter4Spring 2017-06-29 10:07:47,760 -- ERROR -- com.yjz.microweb.http.HttpActionAdapter4Spring.doService(HttpActionAdapter4Spring.java:105) org.springframework.web.util.NestedServletException: Request processing failed; nested exception is java.lang.NullPointerException
javax.servlet.ServletException: org.springframework.web.util.NestedServletException: Request processing failed; nested exception is java.lang.NullPointerException
	at com.yjz.microweb.filter.MicrowebFilterChain.doFilter(MicrowebFilterChain.java:114)
	at com.yjz.microweb.filter.MicrowebFilterChain.invokeFilterChain(MicrowebFilterChain.java:61)
	at com.yjz.microweb.http.HttpActionAdapter4Spring.doService(HttpActionAdapter4Spring.java:96)
	at com.yjz.microweb.http.HttpActionAdapter4Spring.doPost(HttpActionAdapter4Spring.java:133)
	at com.yjz.microweb.http.HttpCoreServer.dispach(HttpCoreServer.java:215)
	at com.yjz.microweb.transport.HttpServerInboundHandler$1.run(HttpServerInboundHandler.java:54)
	at java.util.concurrent.ThreadPoolExecutor.runWorker(Unknown Source)
	at java.util.concurrent.ThreadPoolExecutor$Worker.run(Unknown Source)
	at java.lang.Thread.run(Unknown Source)
Caused by: org.springframework.web.util.NestedServletException: Request processing failed; nested exception is java.lang.NullPointerException
	at org.springframework.web.servlet.FrameworkServlet.processRequest(FrameworkServlet.java:982)
	at org.springframework.web.servlet.FrameworkServlet.doPost(FrameworkServlet.java:872)
	at javax.servlet.http.HttpServlet.service(HttpServlet.java:707)
	at org.springframework.web.servlet.FrameworkServlet.service(FrameworkServlet.java:846)
	at javax.servlet.http.HttpServlet.service(HttpServlet.java:790)
	at com.yjz.microweb.filter.MicrowebFilterChain.doFilter(MicrowebFilterChain.java:108)
	... 8 more
Caused by: java.lang.NullPointerException
com.yjz.microweb.http.HttpActionAdapter4Spring 2017-06-29 10:07:53,423 -- ERROR -- com.yjz.microweb.http.HttpActionAdapter4Spring.doService(HttpActionAdapter4Spring.java:105) org.springframework.web.util.NestedServletException: Request processing failed; nested exception is java.lang.NullPointerException
javax.servlet.ServletException: org.springframework.web.util.NestedServletException: Request processing failed; nested exception is java.lang.NullPointerException
	at com.yjz.microweb.filter.MicrowebFilterChain.doFilter(MicrowebFilterChain.java:114)
	at com.yjz.microweb.filter.MicrowebFilterChain.invokeFilterChain(MicrowebFilterChain.java:61)
	at com.yjz.microweb.http.HttpActionAdapter4Spring.doService(HttpActionAdapter4Spring.java:96)
	at com.yjz.microweb.http.HttpActionAdapter4Spring.doPost(HttpActionAdapter4Spring.java:133)
	at com.yjz.microweb.http.HttpCoreServer.dispach(HttpCoreServer.java:215)
	at com.yjz.microweb.transport.HttpServerInboundHandler$1.run(HttpServerInboundHandler.java:54)
	at java.util.concurrent.ThreadPoolExecutor.runWorker(Unknown Source)
	at java.util.concurrent.ThreadPoolExecutor$Worker.run(Unknown Source)
	at java.lang.Thread.run(Unknown Source)
Caused by: org.springframework.web.util.NestedServletException: Request processing failed; nested exception is java.lang.NullPointerException
	at org.springframework.web.servlet.FrameworkServlet.processRequest(FrameworkServlet.java:982)
	at org.springframework.web.servlet.FrameworkServlet.doPost(FrameworkServlet.java:872)
	at javax.servlet.http.HttpServlet.service(HttpServlet.java:707)
	at org.springframework.web.servlet.FrameworkServlet.service(FrameworkServlet.java:846)
	at javax.servlet.http.HttpServlet.service(HttpServlet.java:790)
	at com.yjz.microweb.filter.MicrowebFilterChain.doFilter(MicrowebFilterChain.java:108)
	... 8 more
Caused by: java.lang.NullPointerException
com.yjz.microweb.http.HttpActionAdapter4Spring 2017-06-29 10:08:15,713 -- ERROR -- com.yjz.microweb.http.HttpActionAdapter4Spring.doService(HttpActionAdapter4Spring.java:105) org.springframework.web.util.NestedServletException: Request processing failed; nested exception is java.lang.NullPointerException
javax.servlet.ServletException: org.springframework.web.util.NestedServletException: Request processing failed; nested exception is java.lang.NullPointerException
	at com.yjz.microweb.filter.MicrowebFilterChain.doFilter(MicrowebFilterChain.java:114)
	at com.yjz.microweb.filter.MicrowebFilterChain.invokeFilterChain(MicrowebFilterChain.java:61)
	at com.yjz.microweb.http.HttpActionAdapter4Spring.doService(HttpActionAdapter4Spring.java:96)
	at com.yjz.microweb.http.HttpActionAdapter4Spring.doPost(HttpActionAdapter4Spring.java:133)
	at com.yjz.microweb.http.HttpCoreServer.dispach(HttpCoreServer.java:215)
	at com.yjz.microweb.transport.HttpServerInboundHandler$1.run(HttpServerInboundHandler.java:54)
	at java.util.concurrent.ThreadPoolExecutor.runWorker(Unknown Source)
	at java.util.concurrent.ThreadPoolExecutor$Worker.run(Unknown Source)
	at java.lang.Thread.run(Unknown Source)
Caused by: org.springframework.web.util.NestedServletException: Request processing failed; nested exception is java.lang.NullPointerException
	at org.springframework.web.servlet.FrameworkServlet.processRequest(FrameworkServlet.java:982)
	at org.springframework.web.servlet.FrameworkServlet.doPost(FrameworkServlet.java:872)
	at javax.servlet.http.HttpServlet.service(HttpServlet.java:707)
	at org.springframework.web.servlet.FrameworkServlet.service(FrameworkServlet.java:846)
	at javax.servlet.http.HttpServlet.service(HttpServlet.java:790)
	at com.yjz.microweb.filter.MicrowebFilterChain.doFilter(MicrowebFilterChain.java:108)
	... 8 more
Caused by: java.lang.NullPointerException
com.yjz.cross.monitor.init.CrossMonitorInitializer 2017-06-29 10:11:19,763 -- INFO -- com.yjz.cross.monitor.init.CrossMonitorInitializer.setApplicationContext(CrossMonitorInitializer.java:40) Start loading registries in cross.properties.
com.yjz.cross.monitor.init.CrossMonitorInitializer 2017-06-29 10:11:19,763 -- INFO -- com.yjz.cross.monitor.init.CrossMonitorInitializer.setApplicationContext(CrossMonitorInitializer.java:40) Start loading registries in cross.properties.
com.yjz.cross.monitor.init.CrossMonitorInitializer 2017-06-29 10:11:19,769 -- INFO -- com.yjz.cross.monitor.init.CrossMonitorInitializer.setApplicationContext(CrossMonitorInitializer.java:52) Finished loading registries in cross.properties.
com.yjz.cross.monitor.init.CrossMonitorInitializer 2017-06-29 10:11:19,769 -- INFO -- com.yjz.cross.monitor.init.CrossMonitorInitializer.setApplicationContext(CrossMonitorInitializer.java:52) Finished loading registries in cross.properties.
com.yjz.microweb.transport.HttpServerInboundHandler 2017-06-29 10:16:23,261 -- ERROR -- com.yjz.microweb.transport.HttpServerInboundHandler.exceptionCaught(HttpServerInboundHandler.java:97) 
io.netty.handler.timeout.ReadTimeoutException
com.yjz.microweb.transport.HttpServerInboundHandler 2017-06-29 10:16:23,335 -- ERROR -- com.yjz.microweb.transport.HttpServerInboundHandler.exceptionCaught(HttpServerInboundHandler.java:97) 
io.netty.handler.timeout.ReadTimeoutException
com.yjz.microweb.transport.HttpServerInboundHandler 2017-06-29 10:16:23,437 -- ERROR -- com.yjz.microweb.transport.HttpServerInboundHandler.exceptionCaught(HttpServerInboundHandler.java:97) 
io.netty.handler.timeout.ReadTimeoutException
com.yjz.microweb.transport.HttpServerInboundHandler 2017-06-29 10:16:23,438 -- ERROR -- com.yjz.microweb.transport.HttpServerInboundHandler.exceptionCaught(HttpServerInboundHandler.java:97) 
io.netty.handler.timeout.ReadTimeoutException
com.yjz.cross.monitor.init.CrossMonitorInitializer 2017-06-29 10:19:03,312 -- INFO -- com.yjz.cross.monitor.init.CrossMonitorInitializer.setApplicationContext(CrossMonitorInitializer.java:40) Start loading registries in cross.properties.
com.yjz.cross.monitor.init.CrossMonitorInitializer 2017-06-29 10:19:03,312 -- INFO -- com.yjz.cross.monitor.init.CrossMonitorInitializer.setApplicationContext(CrossMonitorInitializer.java:40) Start loading registries in cross.properties.
com.yjz.cross.monitor.init.CrossMonitorInitializer 2017-06-29 10:19:03,315 -- INFO -- com.yjz.cross.monitor.init.CrossMonitorInitializer.setApplicationContext(CrossMonitorInitializer.java:52) Finished loading registries in cross.properties.
com.yjz.cross.monitor.init.CrossMonitorInitializer 2017-06-29 10:19:03,315 -- INFO -- com.yjz.cross.monitor.init.CrossMonitorInitializer.setApplicationContext(CrossMonitorInitializer.java:52) Finished loading registries in cross.properties.
com.yjz.microweb.transport.HttpServerInboundHandler 2017-06-29 10:27:26,591 -- ERROR -- com.yjz.microweb.transport.HttpServerInboundHandler.exceptionCaught(HttpServerInboundHandler.java:97) 
io.netty.handler.timeout.ReadTimeoutException
com.yjz.microweb.transport.HttpServerInboundHandler 2017-06-29 10:27:26,611 -- ERROR -- com.yjz.microweb.transport.HttpServerInboundHandler.exceptionCaught(HttpServerInboundHandler.java:97) 
io.netty.handler.timeout.ReadTimeoutException
com.yjz.microweb.transport.HttpServerInboundHandler 2017-06-29 10:27:26,711 -- ERROR -- com.yjz.microweb.transport.HttpServerInboundHandler.exceptionCaught(HttpServerInboundHandler.java:97) 
io.netty.handler.timeout.ReadTimeoutException
com.yjz.microweb.transport.HttpServerInboundHandler 2017-06-29 10:27:26,713 -- ERROR -- com.yjz.microweb.transport.HttpServerInboundHandler.exceptionCaught(HttpServerInboundHandler.java:97) 
io.netty.handler.timeout.ReadTimeoutException
com.yjz.cross.monitor.registry.ZkRegistry 2017-06-29 10:33:16,428 -- INFO -- com.yjz.cross.monitor.registry.ZkRegistry.connectZk(ZkRegistry.java:99) Cross server connecting to zkServer 127.0.0.1:2181
com.yjz.cross.monitor.registry.ZkRegistry 2017-06-29 10:33:16,428 -- INFO -- com.yjz.cross.monitor.registry.ZkRegistry.connectZk(ZkRegistry.java:99) Cross server connecting to zkServer 127.0.0.1:2181
com.yjz.cross.monitor.registry.ZkRegistry 2017-06-29 10:33:18,032 -- INFO -- com.yjz.cross.monitor.registry.ZkRegistry$1.process(ZkRegistry.java:109) Cross server connected to zkServer 127.0.0.1:2181
com.yjz.cross.monitor.registry.ZkRegistry 2017-06-29 10:33:18,032 -- INFO -- com.yjz.cross.monitor.registry.ZkRegistry$1.process(ZkRegistry.java:109) Cross server connected to zkServer 127.0.0.1:2181
